[{"stream_name":"stdout","time":12.263998005,"data":"\u003cclass 'pandas.core.frame.DataFrame'\u003e\n"}
,{"stream_name":"stdout","time":12.264061565,"data":"RangeIndex: 3060 entries, 0 to 3059\n"}
,{"stream_name":"stdout","time":12.264071615,"data":"Data columns (total 4 columns):\n"}
,{"stream_name":"stdout","time":12.264078947,"data":" #   Column    Non-Null Count  Dtype \n"}
,{"stream_name":"stdout","time":12.264086012,"data":"---  ------    --------------  ----- \n"}
,{"stream_name":"stdout","time":12.264092002,"data":" 0   Tweets    3060 non-null   object\n"}
,{"stream_name":"stdout","time":12.264099625,"data":" 1   Retweets  3060 non-null   int64 \n"}
,{"stream_name":"stdout","time":12.26410511,"data":" 2   Likes     3060 non-null   int64 \n"}
,{"stream_name":"stdout","time":12.264110989,"data":" 3   Date      3060 non-null   object\n"}
,{"stream_name":"stdout","time":12.264116981,"data":"dtypes: int64(2), object(2)\n"}
,{"stream_name":"stdout","time":12.264123326,"data":"memory usage: 95.8+ KB\n"}
,{"stream_name":"stderr","time":20.207279304,"data":"/opt/conda/lib/python3.7/site-packages/traitlets/traitlets.py:2758: FutureWarning: --Exporter.preprocessors=[\"remove_papermill_header.RemovePapermillHeader\"] for containers is deprecated in traitlets 5.0. You can pass `--Exporter.preprocessors item` ... multiple times to add items to a list.\n"}
,{"stream_name":"stderr","time":20.207351875,"data":"  FutureWarning,\n"}
,{"stream_name":"stderr","time":20.207361629,"data":"[NbConvertApp] Converting notebook __notebook__.ipynb to notebook\n"}
,{"stream_name":"stderr","time":20.524131463,"data":"[NbConvertApp] Writing 329380 bytes to __notebook__.ipynb\n"}
,{"stream_name":"stderr","time":23.091000124,"data":"/opt/conda/lib/python3.7/site-packages/traitlets/traitlets.py:2758: FutureWarning: --Exporter.preprocessors=[\"nbconvert.preprocessors.ExtractOutputPreprocessor\"] for containers is deprecated in traitlets 5.0. You can pass `--Exporter.preprocessors item` ... multiple times to add items to a list.\n"}
,{"stream_name":"stderr","time":23.09107663,"data":"  FutureWarning,\n"}
,{"stream_name":"stderr","time":23.091085311,"data":"[NbConvertApp] Converting notebook __notebook__.ipynb to html\n"}
,{"stream_name":"stderr","time":23.93872429,"data":"[NbConvertApp] Support files will be in __results___files/\n"}
,{"stream_name":"stderr","time":23.938777175,"data":"[NbConvertApp] Making directory __results___files\n"}
,{"stream_name":"stderr","time":23.939391812,"data":"[NbConvertApp] Making directory __results___files\n"}
,{"stream_name":"stderr","time":23.939620024,"data":"[NbConvertApp] Making directory __results___files\n"}
,{"stream_name":"stderr","time":23.939974522,"data":"[NbConvertApp] Making directory __results___files\n"}
,{"stream_name":"stderr","time":23.940119981,"data":"[NbConvertApp] Making directory __results___files\n"}
,{"stream_name":"stderr","time":23.940323795,"data":"[NbConvertApp] Writing 319541 bytes to __results__.html\n"}
]